SF:lib/core/network/dio_client.dart
DA:9,0
DA:10,0
DA:19,1
DA:20,3
DA:24,1
DA:29,1
DA:32,2
DA:34,1
DA:35,3
DA:36,1
DA:37,0
DA:39,0
DA:41,0
DA:44,0
DA:45,0
DA:47,0
DA:48,0
DA:49,0
DA:50,0
DA:52,0
DA:53,0
DA:54,0
DA:60,3
DA:61,1
DA:64,0
LF:25
LH:10
end_of_record
SF:lib/core/error/failures.dart
DA:6,5
DA:8,0
DA:9,0
DA:13,4
DA:17,1
DA:21,5
DA:25,3
DA:29,1
LF:8
LH:6
end_of_record
SF:lib/core/network/network_info.dart
DA:9,0
LF:1
LH:0
end_of_record
SF:lib/core/services/logger_service.dart
DA:11,1
DA:12,2
DA:13,1
DA:25,2
DA:31,1
DA:32,2
DA:35,1
DA:36,2
DA:39,1
DA:40,2
DA:43,1
DA:44,2
DA:48,1
DA:50,1
DA:54,1
DA:55,2
DA:59,1
DA:61,1
LF:18
LH:18
end_of_record
SF:lib/core/services/storage_service.dart
DA:19,1
DA:21,2
DA:25,0
DA:26,0
DA:29,0
DA:30,0
DA:33,0
DA:34,0
DA:37,0
DA:38,0
DA:42,1
DA:43,2
DA:46,1
DA:47,2
DA:50,1
DA:51,2
DA:54,1
DA:55,2
DA:58,1
DA:59,2
DA:62,1
DA:63,2
DA:66,1
DA:67,3
DA:70,1
DA:71,2
DA:73,1
DA:78,1
DA:79,2
DA:82,1
DA:83,2
LF:31
LH:23
end_of_record
SF:lib/data/datasources/local/auth_local_datasource.dart
DA:22,0
DA:24,0
DA:27,0
DA:29,0
DA:33,0
DA:36,0
DA:38,0
DA:42,0
DA:45,0
DA:47,0
DA:51,0
DA:54,0
DA:55,0
DA:57,0
DA:61,0
DA:64,0
DA:66,0
DA:67,0
DA:71,0
DA:75,0
DA:78,0
DA:80,0
DA:84,0
DA:87,0
DA:88,0
LF:25
LH:0
end_of_record
SF:lib/data/datasources/remote/auth_remote_datasource.g.dart
DA:11,1
DA:23,1
DA:25,1
DA:26,1
DA:27,1
DA:28,1
DA:29,2
DA:30,1
DA:35,0
DA:36,2
DA:41,0
DA:42,0
DA:43,0
DA:44,0
DA:46,0
DA:49,0
DA:51,0
DA:57,1
DA:59,1
DA:60,1
DA:61,1
DA:62,1
DA:63,2
DA:64,1
DA:69,0
DA:70,2
DA:75,0
DA:76,0
DA:77,0
DA:78,0
DA:80,0
DA:83,0
DA:85,0
DA:91,1
DA:93,1
DA:94,1
DA:95,1
DA:97,1
DA:102,0
DA:103,2
DA:108,0
DA:109,0
DA:110,0
DA:111,0
DA:113,0
DA:116,1
DA:118,1
DA:119,1
DA:120,1
DA:122,1
DA:127,0
DA:128,2
DA:133,0
DA:134,0
DA:135,0
DA:136,0
DA:138,0
DA:141,0
DA:143,0
DA:149,1
DA:151,1
DA:152,1
DA:153,1
DA:154,1
DA:155,1
DA:156,1
DA:161,0
DA:162,2
DA:167,0
DA:168,0
DA:169,0
DA:170,0
DA:172,0
DA:175,0
DA:177,0
DA:183,0
DA:185,0
DA:186,0
DA:187,0
DA:188,0
DA:189,0
DA:191,0
DA:192,0
DA:193,0
DA:196,0
DA:202,0
DA:203,0
DA:208,0
DA:209,0
DA:210,0
DA:211,0
DA:213,0
DA:216,0
DA:218,0
DA:224,0
DA:225,0
DA:226,0
DA:227,0
DA:228,0
DA:229,0
DA:231,0
DA:237,0
DA:241,0
DA:245,0
DA:247,0
DA:248,0
DA:251,0
LF:107
LH:37
end_of_record
SF:lib/data/datasources/remote/movie_remote_datasource.g.dart
DA:12,0
DA:24,0
DA:26,0
DA:27,0
DA:28,0
DA:30,0
DA:35,0
DA:36,0
DA:41,0
DA:42,0
DA:43,0
DA:44,0
DA:46,0
DA:49,0
DA:51,0
DA:57,0
DA:62,0
DA:63,0
DA:67,0
DA:69,0
DA:74,0
DA:75,0
DA:80,0
DA:81,0
DA:82,0
DA:83,0
DA:85,0
DA:88,0
DA:90,0
DA:96,0
DA:98,0
DA:99,0
DA:100,0
DA:102,0
DA:107,0
DA:108,0
DA:109,0
DA:113,0
DA:114,0
DA:115,0
DA:116,0
DA:118,0
DA:121,0
DA:123,0
DA:129,0
DA:131,0
DA:132,0
DA:133,0
DA:135,0
DA:140,0
DA:141,0
DA:142,0
DA:146,0
DA:147,0
DA:148,0
DA:149,0
DA:151,0
DA:154,0
DA:156,0
DA:162,0
DA:164,0
DA:165,0
DA:166,0
DA:168,0
DA:173,0
DA:174,0
DA:179,0
DA:180,0
DA:181,0
DA:182,0
DA:184,0
DA:187,0
DA:189,0
DA:195,0
DA:196,0
DA:197,0
DA:198,0
DA:199,0
DA:200,0
DA:202,0
DA:208,0
DA:212,0
DA:216,0
DA:218,0
DA:219,0
DA:222,0
LF:86
LH:0
end_of_record
SF:lib/data/models/auth_model.dart
DA:11,11
DA:16,2
DA:18,4
DA:27,11
DA:33,2
DA:35,4
DA:43,10
DA:48,1
DA:49,1
DA:50,1
DA:51,1
DA:52,1
DA:56,2
DA:63,0
DA:67,0
DA:68,0
DA:70,0
LF:17
LH:13
end_of_record
SF:lib/data/models/auth_model.g.dart
DA:9,2
DA:10,1
DA:11,1
DA:14,2
DA:15,2
DA:16,2
DA:17,2
DA:20,1
DA:21,1
DA:22,1
DA:23,1
DA:24,1
DA:27,2
DA:28,2
DA:29,2
DA:30,2
DA:31,2
DA:34,0
DA:35,0
DA:36,0
DA:39,1
DA:40,1
DA:41,1
DA:42,1
DA:45,0
DA:46,0
DA:47,0
DA:50,0
DA:52,0
DA:53,0
LF:30
LH:21
end_of_record
SF:lib/data/models/favorite_model.dart
DA:9,2
DA:13,1
DA:14,1
DA:16,2
DA:24,2
DA:29,1
DA:30,1
DA:32,2
LF:8
LH:8
end_of_record
SF:lib/data/models/favorite_model.g.dart
DA:9,1
DA:10,1
DA:11,2
DA:14,1
DA:15,1
DA:16,1
DA:19,2
DA:20,1
DA:21,1
DA:24,1
DA:25,1
DA:26,1
DA:27,1
LF:13
LH:13
end_of_record
SF:lib/data/models/movie_model.dart
DA:13,10
DA:26,1
DA:39,1
DA:41,1
DA:43,1
DA:44,1
DA:45,0
DA:50,1
DA:52,1
DA:53,1
DA:54,1
DA:55,1
DA:56,1
DA:57,2
DA:58,0
DA:59,1
DA:60,1
DA:61,1
DA:62,5
DA:63,1
DA:64,1
DA:68,2
DA:70,1
DA:71,1
DA:72,1
DA:73,1
DA:74,1
DA:75,1
DA:76,1
DA:77,1
DA:78,1
DA:79,1
DA:80,1
DA:81,1
DA:82,1
DA:83,1
DA:94,2
DA:100,1
DA:101,1
DA:102,1
DA:104,0
DA:105,0
DA:109,1
DA:110,1
DA:111,1
DA:112,1
DA:113,4
DA:114,1
DA:115,1
DA:119,0
DA:120,0
DA:127,2
LF:52
LH:46
end_of_record
SF:lib/data/models/movie_model.g.dart
DA:9,0
DA:10,0
DA:11,0
DA:12,0
DA:13,0
DA:14,0
DA:15,0
DA:16,0
DA:17,0
DA:18,0
DA:20,0
DA:21,0
DA:22,0
DA:25,1
DA:26,1
DA:27,1
DA:28,1
DA:29,1
DA:30,1
DA:31,1
DA:32,1
DA:33,1
DA:34,1
DA:35,1
DA:36,1
DA:37,1
DA:38,1
DA:41,0
DA:42,0
DA:43,0
DA:44,0
DA:45,0
DA:46,0
DA:47,0
DA:50,1
DA:51,1
DA:52,1
DA:53,1
DA:54,1
LF:39
LH:19
end_of_record
SF:lib/data/models/user_model.dart
DA:11,11
DA:17,2
DA:19,2
DA:21,2
DA:22,2
DA:25,4
DA:27,1
DA:28,1
DA:29,1
DA:30,1
DA:31,1
DA:32,1
DA:33,1
LF:13
LH:13
end_of_record
SF:lib/data/models/user_model.g.dart
DA:9,4
DA:10,2
DA:11,2
DA:12,2
DA:13,2
DA:14,2
DA:15,4
DA:16,2
DA:19,4
DA:20,2
DA:21,2
DA:22,2
DA:23,2
DA:24,2
LF:14
LH:14
end_of_record
SF:lib/domain/entities/movie.dart
DA:15,10
DA:28,0
DA:40,0
DA:41,0
DA:42,0
DA:43,0
DA:44,0
DA:45,0
DA:46,0
DA:47,0
DA:48,0
DA:49,0
DA:50,0
DA:54,0
DA:55,0
DA:58,0
DA:59,0
DA:60,0
DA:62,0
DA:65,1
DA:66,1
DA:67,1
DA:68,1
DA:69,1
DA:70,1
DA:71,1
DA:72,1
DA:73,1
DA:74,1
DA:75,1
DA:76,1
LF:31
LH:13
end_of_record
SF:lib/domain/entities/user.dart
DA:10,11
DA:18,0
DA:25,0
DA:26,0
DA:27,0
DA:28,0
DA:29,0
DA:30,0
DA:34,1
DA:35,6
LF:10
LH:3
end_of_record
SF:lib/domain/repositories/movie_repository.dart
DA:11,0
DA:17,0
DA:18,0
LF:3
LH:0
end_of_record
SF:lib/core/error/exceptions.dart
DA:3,1
DA:8,1
DA:13,0
DA:18,1
DA:23,0
LF:5
LH:3
end_of_record
SF:lib/core/di/injection.dart
DA:5,3
DA:8,0
LF:2
LH:1
end_of_record
SF:lib/core/services/firebase_service.dart
DA:11,0
DA:12,0
DA:13,0
DA:14,0
DA:18,0
DA:21,0
DA:23,0
DA:25,0
DA:28,0
DA:31,0
DA:32,0
DA:38,0
DA:43,0
DA:48,0
DA:52,0
DA:57,0
DA:62,0
DA:66,0
DA:68,0
DA:70,0
DA:74,0
DA:79,0
DA:84,0
DA:89,0
DA:96,0
DA:103,0
DA:107,0
DA:109,0
DA:111,0
DA:115,0
DA:117,0
DA:119,0
DA:123,0
DA:125,0
DA:127,0
DA:132,0
DA:133,0
DA:135,0
DA:139,0
DA:140,0
DA:142,0
DA:146,0
DA:147,0
DA:149,0
DA:156,0
DA:157,0
DA:159,0
DA:167,0
DA:168,0
DA:170,0
LF:50
LH:0
end_of_record
SF:lib/data/repositories/auth_repository_impl.dart
DA:24,1
DA:30,1
DA:32,2
DA:34,1
DA:35,2
DA:38,3
DA:39,3
DA:41,2
DA:42,1
DA:43,0
DA:44,0
DA:45,0
DA:47,0
DA:49,1
DA:50,3
DA:51,1
DA:52,3
DA:54,3
DA:61,1
DA:63,2
DA:65,1
DA:66,2
DA:69,3
DA:70,3
DA:72,2
DA:73,1
DA:74,0
DA:75,0
DA:76,0
DA:78,0
DA:80,1
DA:81,0
DA:82,1
DA:83,3
DA:85,0
DA:92,1
DA:96,2
DA:98,2
DA:105,2
DA:106,2
DA:110,3
DA:114,1
DA:117,2
DA:118,1
DA:119,1
DA:120,3
DA:122,0
DA:126,0
DA:128,0
DA:130,0
DA:132,0
DA:133,0
DA:134,0
DA:135,0
DA:136,0
DA:137,0
DA:139,0
DA:141,0
DA:142,0
DA:143,0
DA:144,0
DA:146,0
DA:149,0
DA:153,1
DA:156,2
DA:157,1
DA:159,0
DA:163,1
DA:165,2
DA:167,2
DA:169,3
DA:170,3
DA:173,3
DA:175,0
DA:176,0
DA:177,0
DA:178,0
DA:180,0
DA:182,0
DA:183,0
DA:184,0
DA:185,0
DA:187,0
DA:190,3
DA:194,0
DA:196,0
DA:198,0
DA:199,0
DA:200,0
DA:201,0
DA:202,0
DA:203,0
DA:205,0
DA:207,0
DA:208,0
DA:209,0
DA:210,0
DA:212,0
DA:215,0
DA:220,0
DA:222,0
DA:223,0
DA:224,0
DA:225,0
DA:227,0
DA:228,0
DA:234,0
DA:236,0
LF:108
LH:46
end_of_record
SF:lib/domain/usecases/auth/logout_usecase.dart
DA:11,1
DA:13,0
DA:15,0
LF:3
LH:1
end_of_record
SF:lib/domain/usecases/usecase.dart
DA:10,0
DA:11,0
LF:2
LH:0
end_of_record
SF:lib/domain/usecases/auth/register_usecase.dart
DA:13,1
DA:15,1
DA:17,5
DA:26,1
DA:32,0
DA:33,0
LF:6
LH:4
end_of_record
SF:lib/domain/usecases/auth/login_usecase.dart
DA:13,1
DA:15,1
DA:17,4
DA:25,1
DA:30,1
DA:31,3
LF:6
LH:6
end_of_record
